android/app/build/outputs/mapping/release/seeds.txt
com.estacioconecta.MainActivity
com.estacioconecta.MainActivity: MainActivity()
com.estacioconecta.MainApplication
com.estacioconecta.MainApplication: MainApplication()
com.estacioconecta.R$anim: int abc_fade_in
com.estacioconecta.R$anim: int abc_fade_out
com.estacioconecta.R$anim: int abc_grow_fade_in_from_bottom
com.estacioconecta.R$anim: int abc_popup_enter
com.estacioconecta.R$anim: int abc_popup_exit
com.estacioconecta.R$anim: int abc_shrink_fade_out_from_bottom
com.estacioconecta.R$anim: int abc_slide_in_bottom
com.estacioconecta.R$anim: int abc_slide_in_top
com.estacioconecta.R$anim: int abc_slide_out_bottom
com.estacioconecta.R$anim: int abc_slide_out_top
com.estacioconecta.R$anim: int abc_tooltip_enter
com.estacioconecta.R$anim: int abc_tooltip_exit
com.estacioconecta.R$anim: int catalyst_fade_in
com.estacioconecta.R$anim: int catalyst_fade_out
com.estacioconecta.R$anim: int catalyst_push_up_in
com.estacioconecta.R$anim: int catalyst_push_up_out
com.estacioconecta.R$anim: int catalyst_slide_down
com.estacioconecta.R$anim: int catalyst_slide_up
com.estacioconecta.R$attr: int actionBarDivider
com.estacioconecta.R$attr: int actionBarItemBackground
com.estacioconecta.R$attr: int actionBarPopupTheme
com.estacioconecta.R$attr: int actionBarSize
com.estacioconecta.R$attr: int actionBarSplitStyle
com.estacioconecta.R$attr: int actionBarStyle
com.estacioconecta.R$attr: int actionBarTabBarStyle
com.estacioconecta.R$attr: int actionBarTabStyle
com.estacioconecta.R$attr: int actionBarTabTextStyle
com.estacioconecta.R$attr: int actionBarTheme
com.estacioconecta.R$attr: int actionBarWidgetTheme
com.estacioconecta.R$attr: int actionButtonStyle
com.estacioconecta.R$attr: int actionDropDownStyle
com.estacioconecta.R$attr: int actionLayout
com.estacioconecta.R$attr: int actionMenuTextAppearance
com.estacioconecta.R$attr: int actionMenuTextColor
com.estacioconecta.R$attr: int actionModeBackground
com.estacioconecta.R$attr: int actionModeCloseButtonStyle
com.estacioconecta.R$attr: int actionModeCloseDrawable
com.estacioconecta.R$attr: int actionModeCopyDrawable
com.estacioconecta.R$attr: int actionModeCutDrawable
com.estacioconecta.R$attr: int actionModeFindDrawable
com.estacioconecta.R$attr: int actionModePasteDrawable
com.estacioconecta.R$attr: int actionModePopupWindowStyle
com.estacioconecta.R$attr: int actionModeSelectAllDrawable
com.estacioconecta.R$attr: int actionModeShareDrawable
com.estacioconecta.R$attr: int actionModeSplitBackground
com.estacioconecta.R$attr: int actionModeStyle
com.estacioconecta.R$bool: int abc_action_bar_embed_tabs
com.estacioconecta.R$bool: int abc_allow_stacked_button_bar
com.estacioconecta.R$bool: int abc_config_actionMenuItemAllCaps
...
android.support.coreui.R$attr: int alpha
android.support.coreui.R$attr: int coordinatorLayoutStyle
android.support.coreui.R$attr: int font
android.support.coreui.R$attr: int fontProviderAuthority
android.support.coreui.R$attr: int fontProviderCerts
android.support.coreui.R$attr: int fontProviderFetchStrategy
android.support.coreui.R$attr: int fontProviderFetchTimeout
android.support.coreui.R$attr: int fontProviderPackage
android.support.coreui.R$attr: int fontProviderQuery
android.support.coreui.R$attr: int fontStyle
android.support.coreui.R$attr: int fontVariationSettings
android.support.coreui.R$attr: int fontWeight
android.support.coreui.R$attr: int keylines
android.support.coreui.R$attr: int layout_anchor
android.support.coreui.R$attr: int layout_anchorGravity
android.support.coreui.R$attr: int layout_behavior
android.support.coreui.R$attr: int layout_dodgeInsetEdges
android.support.coreui.R$attr: int layout_insetEdge
android.support.coreui.R$attr: int layout_keyline
android.support.coreui.R$attr: int statusBarBackground
android.support.coreui.R$attr: int ttcIndex
android.support.coreui.R$color: int notification_action_color_filter
android.support.coreui.R$color: int notification_icon_bg_color
android.support.coreui.R$color: int ripple_material_light
android.support.coreui.R$color: int secondary_text_default_material_light
android.support.coreui.R$dimen: int compat_button_inset_horizontal_material
android.support.coreui.R$dimen: int compat_button_inset_vertical_material
android.support.coreui.R$dimen: int compat_button_padding_horizontal_material
android.support.coreui.R$dimen: int compat_button_padding_vertical_material
android.support.coreui.R$dimen: int compat_control_corner_material
android.support.coreui.R$dimen: int compat_notification_large_icon_max_height
android.support.coreui.R$dimen: int compat_notification_large_icon_max_width
android.support.coreui.R$dimen: int notification_action_icon_size
android.support.coreui.R$dimen: int notification_action_text_size
android.support.coreui.R$dimen: int notification_big_circle_margin
android.support.coreui.R$dimen: int notification_content_margin_start
android.support.coreui.R$dimen: int notification_large_icon_height
android.support.coreui.R$dimen: int notification_large_icon_width
android.support.coreui.R$dimen: int notification_main_column_padding_top
android.support.coreui.R$dimen: int notification_media_narrow_margin
android.support.coreui.R$dimen: int notification_right_icon_size
android.support.coreui.R$dimen: int notification_right_side_padding_top
android.support.coreui.R$dimen: int notification_small_icon_background_padding
android.support.coreui.R$dimen: int notification_small_icon_size_as_large
android.support.coreui.R$dimen: int notification_subtext_size
android.support.coreui.R$dimen: int notification_top_pad
android.support.coreui.R$drawable: int notification_action_background
android.support.coreui.R$drawable: int notification_bg
android.support.coreui.R$drawable: int notification_bg_low
android.support.coreui.R$drawable: int notification_bg_low_normal
android.support.coreui.R$drawable: int notification_bg_low_pressed
android.support.coreui.R$drawable: int notification_bg_normal
android.support.coreui.R$drawable: int notification_bg_normal_pressed
android.support.coreui.R$drawable: int notification_icon_background
android.support.coreui.R$drawable: int notification_template_icon_bg
android.support.coreui.R$drawable: int notification_template_icon_low_bg
android.support.coreui.R$drawable: int notification_tile_bg
android.support.coreui.R$drawable: int notify_panel_notification_icon_bg