android/app/build/outputs/mapping/release/mapping.txt
com.estacioconecta.MainActivity -> com.estacioconecta.MainActivity:
    void <init>() -> <init>
    java.lang.String getMainComponentName() -> a
    com.facebook.react.ReactActivityDelegate createReactActivityDelegate() -> b
com.estacioconecta.MainActivity$1 -> com.estacioconecta.MainActivity$1:
    com.estacioconecta.MainActivity this$0 -> a
    void <init>(com.estacioconecta.MainActivity,android.app.Activity,java.lang.String) -> <init>
    com.facebook.react.ReactRootView createRootView() -> a
com.estacioconecta.MainApplication -> com.estacioconecta.MainApplication:
    com.facebook.react.ReactNativeHost mReactNativeHost -> a
    void <init>() -> <init>
    com.facebook.react.ReactNativeHost getReactNativeHost() -> a
    void onCreate() -> onCreate
com.estacioconecta.MainApplication$1 -> com.estacioconecta.MainApplication$1:
    com.estacioconecta.MainApplication this$0 -> a
    void <init>(com.estacioconecta.MainApplication,android.app.Application) -> <init>
    boolean getUseDeveloperSupport() -> a
    java.util.List getPackages() -> b
    java.lang.String getJSMainModuleName() -> c
...
com.facebook.react.bridge.queue.MessageQueueThreadImpl$1 -> com.facebook.react.bridge.queue.MessageQueueThreadImpl$1:
    com.facebook.react.common.futures.SimpleSettableFuture val$future -> val$future
    java.util.concurrent.Callable val$callable -> val$callable
    com.facebook.react.bridge.queue.MessageQueueThreadImpl this$0 -> this$0
    void <init>(com.facebook.react.bridge.queue.MessageQueueThreadImpl,com.facebook.react.common.futures.SimpleSettableFuture,java.util.concurrent.Callable) -> <init>
    void run() -> run
com.facebook.react.bridge.queue.MessageQueueThreadImpl$2 -> com.facebook.react.bridge.queue.MessageQueueThreadImpl$2:
    void <init>() -> <init>
    void run() -> run
com.facebook.react.bridge.queue.MessageQueueThreadImpl$3 -> com.facebook.react.bridge.queue.MessageQueueThreadImpl$3:
    com.facebook.react.common.futures.SimpleSettableFuture val$looperFuture -> val$looperFuture
    void <init>(com.facebook.react.common.futures.SimpleSettableFuture) -> <init>
    void run() -> run
com.facebook.react.bridge.queue.MessageQueueThreadImpl$4 -> com.facebook.react.bridge.queue.MessageQueueThreadImpl$4:
    int[] $SwitchMap$com$facebook$react$bridge$queue$MessageQueueThreadSpec$ThreadType -> $SwitchMap$com$facebook$react$bridge$queue$MessageQueueThreadSpec$ThreadType
    void <clinit>() -> <clinit>
com.facebook.react.bridge.queue.MessageQueueThreadSpec -> com.facebook.react.bridge.queue.MessageQueueThreadSpec:
    com.facebook.react.bridge.queue.MessageQueueThreadSpec MAIN_UI_SPEC -> MAIN_UI_SPEC
    long DEFAULT_STACK_SIZE_BYTES -> DEFAULT_STACK_SIZE_BYTES
    com.facebook.react.bridge.queue.MessageQueueThreadSpec$ThreadType mThreadType -> mThreadType
    java.lang.String mName -> mName
    long mStackSize -> mStackSize
    com.facebook.react.bridge.queue.MessageQueueThreadSpec newUIBackgroundTreadSpec(java.lang.String) -> newUIBackgroundTreadSpec
    com.facebook.react.bridge.queue.MessageQueueThreadSpec newBackgroundThreadSpec(java.lang.String) -> newBackgroundThreadSpec
    com.facebook.react.bridge.queue.MessageQueueThreadSpec newBackgroundThreadSpec(java.lang.String,long) -> newBackgroundThreadSpec
    com.facebook.react.bridge.queue.MessageQueueThreadSpec mainThreadSpec() -> mainThreadSpec
    void <init>(com.facebook.react.bridge.queue.MessageQueueThreadSpec$ThreadType,java.lang.String) -> <init>
    void <init>(com.facebook.react.bridge.queue.MessageQueueThreadSpec$ThreadType,java.lang.String,long) -> <init>
    com.facebook.react.bridge.queue.MessageQueueThreadSpec$ThreadType getThreadType() -> getThreadType
    java.lang.String getName() -> getName
    long getStackSize() -> getStackSize
    void <clinit>() -> <clinit>
com.facebook.react.bridge.queue.MessageQueueThreadSpec$ThreadType -> com.facebook.react.bridge.queue.MessageQueueThreadSpec$ThreadType:
    com.facebook.react.bridge.queue.MessageQueueThreadSpec$ThreadType MAIN_UI -> MAIN_UI
    com.facebook.react.bridge.queue.MessageQueueThreadSpec$ThreadType NEW_BACKGROUND -> NEW_BACKGROUND
    com.facebook.react.bridge.queue.MessageQueueThreadSpec$ThreadType[] $VALUES -> $VALUES
    com.facebook.react.bridge.queue.MessageQueueThreadSpec$ThreadType[] values() -> values
    com.facebook.react.bridge.queue.MessageQueueThreadSpec$ThreadType valueOf(java.lang.String) -> valueOf
    void <init>(java.lang.String,int) -> <init>
    void <clinit>() -> <clinit>
com.facebook.react.bridge.queue.NativeRunnable -> com.facebook.react.bridge.queue.NativeRunnable:
    com.facebook.jni.HybridData mHybridData -> mHybridData
    void <init>(com.facebook.jni.HybridData) -> <init>
    void run() -> run
com.facebook.react.bridge.queue.NativeRunnableDeprecated -> com.facebook.react.bridge.queue.NativeRunnableDeprecated:
    void <init>() -> <init>
    void run() -> run
com.facebook.react.bridge.queue.QueueThreadExceptionHandler -> com.facebook.react.bridge.queue.QueueThreadExceptionHandler:
    void handleException(java.lang.Exception) -> handleException