android/app/build/outputs/mapping/release/usage.txt
com.estacioconecta.BuildConfig
com.estacioconecta.R
com.estacioconecta.R$anim
com.estacioconecta.R$attr
com.estacioconecta.R$bool
com.estacioconecta.R$color
com.estacioconecta.R$dimen
com.estacioconecta.R$drawable
com.estacioconecta.R$id
com.estacioconecta.R$integer
com.estacioconecta.R$layout
com.estacioconecta.R$mipmap
com.estacioconecta.R$string
com.estacioconecta.R$style
com.estacioconecta.R$styleable
com.estacioconecta.R$xml
...
android.support.v7.app.AppCompatActivity
android.support.v7.app.AppCompatDelegate:
    static final java.lang.String TAG
    public static final int MODE_NIGHT_NO
    public static final int MODE_NIGHT_YES
    public static final int MODE_NIGHT_AUTO
    public static final int MODE_NIGHT_FOLLOW_SYSTEM
    static final int MODE_NIGHT_UNSPECIFIED
    public static final int FEATURE_SUPPORT_ACTION_BAR
    public static final int FEATURE_SUPPORT_ACTION_BAR_OVERLAY
    public static final int FEATURE_ACTION_MODE_OVERLAY
    182:182:public static android.support.v7.app.AppCompatDelegate create(android.app.Activity,android.support.v7.app.AppCompatCallback)
    202:202:public static android.support.v7.app.AppCompatDelegate create(android.content.Context,android.view.Window,android.support.v7.app.AppCompatCallback)
    public abstract android.support.v7.app.ActionBar getSupportActionBar()
    public abstract void setSupportActionBar(android.support.v7.widget.Toolbar)
    public abstract android.view.MenuInflater getMenuInflater()
    public abstract void onPostCreate(android.os.Bundle)
    public abstract void onConfigurationChanged(android.content.res.Configuration)
    public abstract void onStart()
    public abstract void onPostResume()
    public abstract void onDestroy()
    public abstract android.support.v7.app.ActionBarDrawerToggle$Delegate getDrawerToggleDelegate()
    public abstract boolean hasWindowFeature(int)
android.support.v7.app.AppCompatDelegate$NightMode
android.support.v7.app.AppCompatDelegateImpl:
    private static final boolean DEBUG
    private static final java.lang.String KEY_LOCAL_NIGHT_MODE
    static final java.lang.String EXCEPTION_HANDLER_MESSAGE_SUFFIX
    android.view.MenuInflater mMenuInflater
    299:300:public void onPostCreate(android.os.Bundle)
    338:371:public void setSupportActionBar(android.support.v7.widget.Toolbar)
    391:396:public android.view.MenuInflater getMenuInflater()
    411:425:public void onConfigurationChanged(android.content.res.Configuration)
    431:432:public void onStart()
    449:453:public void onPostResume()
    492:496:public void onSaveInstanceState(android.os.Bundle)
    500:514:public void onDestroy()
    811:832:public boolean hasWindowFeature(int)
    1095:1096:public void setHandleNativeActionModesEnabled(boolean)
    1972:1972:android.view.ViewGroup getSubDecor()
    2022:2040:public void setLocalNightMode(int)
    2124:2125:final android.support.v7.app.AppCompatDelegateImpl$AutoNightModeManager getAutoNightModeManager()
    2728:2728:public final android.support.v7.app.ActionBarDrawerToggle$Delegate getDrawerToggleDelegate()
android.support.v7.app.AppCompatDelegateImpl$ActionBarDrawableToggleImpl
android.support.v7.app.AppCompatDelegateImpl$PanelFeatureState:
    boolean wasLastOpen
    android.os.Bundle frozenMenuState
    2340:2344:public void clearMenuPresenters()
    2406:2415:android.os.Parcelable onSaveInstanceState()
    2419:2426:void onRestoreInstanceState(android.os.Parcelable)
    2429:2433:void applyFrozenState()
android.support.v7.app.AppCompatDelegateImpl$PanelFeatureState$SavedState
android.support.v7.app.AppCompatDelegateImpl$PanelFeatureState$SavedState$1
android.support.v7.app.AppCompatDialog:
    53:54:public AppCompatDialog(android.content.Context)
    45:72:protected AppCompatDialog(android.content.Context,boolean,android.content.DialogInterface$OnCancelListener)
    89:89:public android.support.v7.app.ActionBar getSupportActionBar()
android.support.v7.app.AppCompatDialogFragment
android.support.v7.app.AppCompatViewInflater:
    private static final java.lang.String LOG_TAG
android.support.v7.app.NavItemSelectedListener
android.support.v7.app.ResourcesFlusher:
    private static final java.lang.String TAG
    209:210:private ResourcesFlusher()